#
# A fatal error has been detected by the Java Runtime Environment:
#
#  EXCEPTION_ACCESS_VIOLATION (0xc0000005) at pc=0x00007fffc10dd266, pid=15408, tid=16252
#
# JRE version: OpenJDK Runtime Environment (11.0.11+9) (build 11.0.11+9-b60-7590822)
# Java VM: OpenJDK 64-Bit Server VM (11.0.11+9-b60-7590822, mixed mode, tiered, compressed oops, g1 gc, windows-amd64)
# Problematic frame:
# V  [jvm.dll+0x18d266]
#
# No core dump will be written. Minidumps are not enabled by default on client versions of Windows
#
# If you would like to submit a bug report, please visit:
#   https://bugreport.java.com/bugreport/crash.jsp
#

---------------  S U M M A R Y ------------

Command Line: --add-opens=java.base/java.util=ALL-UNNAMED --add-opens=java.base/java.lang=ALL-UNNAMED --add-opens=java.base/java.lang.invoke=ALL-UNNAMED --add-opens=java.base/java.util=ALL-UNNAMED --add-opens=java.prefs/java.util.prefs=ALL-UNNAMED --add-opens=java.prefs/java.util.prefs=ALL-UNNAMED --add-opens=java.base/java.nio.charset=ALL-UNNAMED --add-opens=java.base/java.net=ALL-UNNAMED --add-opens=java.base/java.util.concurrent.atomic=ALL-UNNAMED -Xmx1536M -Dfile.encoding=windows-1251 -Duser.country=RU -Duser.language=ru -Duser.variant org.gradle.launcher.daemon.bootstrap.GradleDaemon 7.4

Host: Intel(R) Core(TM) i3-7020U CPU @ 2.30GHz, 4 cores, 7G,  Windows 10 , 64 bit Build 19041 (10.0.19041.1503)
Time: Fri Jul 29 17:10:22 2022 RTZ 2 (зима) elapsed time: 150.352717 seconds (0d 0h 2m 30s)

---------------  T H R E A D  ---------------

Current thread (0x0000024c25892000):  ConcurrentGCThread "G1 Conc#0" [stack: 0x000000ae9f900000,0x000000ae9fa00000] [id=16252]

Stack: [0x000000ae9f900000,0x000000ae9fa00000],  sp=0x000000ae9f9ff2c8,  free space=1020k
Native frames: (J=compiled Java code, j=interpreted, Vv=VM code, C=native code)
V  [jvm.dll+0x18d266]


siginfo: EXCEPTION_ACCESS_VIOLATION (0xc0000005), reading address 0x00000007fbdc1f60


Register to memory mapping:

RIP=0x00007fffc10dd266 jvm.dll
RAX=0x0000000000000001 is an unknown value
RBX=
[error occurred during error reporting (printing register info), id 0xc0000005, EXCEPTION_ACCESS_VIOLATION (0xc0000005) at pc=0x00007fffc10dd266]

Registers:
RAX=0x0000000000000001, RBX=0x00000000a262ffe8, RCX=0x00000000a262ffe8, RDX=0x00000000a262ffe8
RSP=0x000000ae9f9ff2c8, RBP=0x0000024c2588a050, RSI=0x0000000000000001, RDI=0x0000000000000000
R8 =0x0000000000000000, R9 =0x00000007fbdc1f58, R10=0x0000024c2588a050, R11=0x0000024c3c260000
R12=0x000000000000000c, R13=0xaaaaaaaaaaaaaaab, R14=0x0000000000000000, R15=0x000000ae9f9ff4a0
RIP=0x00007fffc10dd266, EFLAGS=0x0000000000010202

Top of Stack: (sp=0x000000ae9f9ff2c8)
0x000000ae9f9ff2c8:   00007fffc122b2fa 00000000a262ffe8
0x000000ae9f9ff2d8:   000000ae9f9ff4c8 0000024c25892ac0
0x000000ae9f9ff2e8:   00000001000060b8 0000024c25892501
0x000000ae9f9ff2f8:   00007fffc122b1a6 000000ae9f9ff4c8
0x000000ae9f9ff308:   00000000a262ffe8 0000024c25892ac0
0x000000ae9f9ff318:   000000ae9f9ff4c8 0000000000000000
0x000000ae9f9ff328:   00007fffc1222fc5 00000000a25fa870
0x000000ae9f9ff338:   00007fffc122447d 00000000a25fa808
0x000000ae9f9ff348:   00000000a25fa81c 000000ae9f9ff4a0
0x000000ae9f9ff358:   0000024c25892501 00000001004c2ee8
0x000000ae9f9ff368:   00007fffc12228f1 000000000000000d
0x000000ae9f9ff378:   00000000a25fa808 00000000a25fa7f0
0x000000ae9f9ff388:   00007fffc1514b21 00000000a25fa808
0x000000ae9f9ff398:   00007fffc1230cdf 0000024c25892ac0
0x000000ae9f9ff3a8:   00000000004c0000 000000ae9f9ff4a0
0x000000ae9f9ff3b8:   0000000000000000 00000000a25fa808 

Instructions: (pc=0x00007fffc10dd266)
0x00007fffc10dd166:   82 00 48 d3 e0 48 03 05 1e 6b 82 00 eb 04 48 8b
0x00007fffc10dd176:   43 08 81 78 08 00 00 00 c0 73 7d 48 8b 4f 38 48
0x00007fffc10dd186:   8b d3 48 8b 01 ff 50 20 84 c0 75 6c 38 05 e0 f6
0x00007fffc10dd196:   86 00 74 15 8b 53 08 8b 0d f5 6a 82 00 48 d3 e2
0x00007fffc10dd1a6:   48 03 15 e3 6a 82 00 eb 04 48 8b 53 08 48 8b cb
0x00007fffc10dd1b6:   48 89 5c 24 20 e8 a0 00 00 00 80 7f 30 00 48 63
0x00007fffc10dd1c6:   c8 48 89 4c 24 28 0f 28 44 24 20 74 17 0f 11 86
0x00007fffc10dd1d6:   98 03 00 00 48 8b 5c 24 40 48 8b 74 24 48 48 83
0x00007fffc10dd1e6:   c4 30 5f c3 48 8b 07 48 8d 54 24 20 48 8b cf 66
0x00007fffc10dd1f6:   0f 7f 44 24 20 ff 50 38 48 8b 5c 24 40 48 8b 74
0x00007fffc10dd206:   24 48 48 83 c4 30 5f c3 cc cc 48 8b 49 38 48 8b
0x00007fffc10dd216:   01 48 ff 60 28 cc cc cc cc cc 80 3d 51 f6 86 00
0x00007fffc10dd226:   00 48 8b c1 74 1b 8b 51 08 8b 0d 63 6a 82 00 48
0x00007fffc10dd236:   d3 e2 48 8b c8 48 03 15 4e 6a 82 00 e9 19 00 00
0x00007fffc10dd246:   00 48 8b 51 08 48 8b c8 e9 0d 00 00 00 cc cc cc
0x00007fffc10dd256:   cc cc cc cc cc cc cc cc cc cc 4c 8b ca 48 8b d1
0x00007fffc10dd266:   45 8b 41 08 45 85 c0 7e 0e 41 f6 c0 01 75 59 41
0x00007fffc10dd276:   c1 f8 03 41 8b c0 c3 79 4f 80 3d f2 f5 86 00 00
0x00007fffc10dd286:   b8 0c 00 00 00 b9 10 00 00 00 0f 45 c8 8b 05 2b
0x00007fffc10dd296:   b4 80 00 ff c8 4c 63 c8 48 63 c1 41 8b c8 83 e1
0x00007fffc10dd2a6:   3f 48 63 14 10 41 8b c0 48 c1 f8 10 0f b6 c0 48
0x00007fffc10dd2b6:   d3 e2 49 8d 0c 11 49 f7 d1 48 03 c1 49 c1 e9 03
0x00007fffc10dd2c6:   48 c1 e8 03 41 23 c1 c3 49 8b 01 49 8b c9 48 ff
0x00007fffc10dd2d6:   a0 10 01 00 00 cc cc cc cc cc 48 83 ec 38 0f 10
0x00007fffc10dd2e6:   02 48 8b 49 38 48 8d 54 24 20 0f 29 44 24 20 e8
0x00007fffc10dd2f6:   66 f0 ff ff 48 83 c4 38 c3 cc 48 89 5c 24 08 55
0x00007fffc10dd306:   56 57 41 54 41 55 41 56 41 57 48 8d 6c 24 e0 48
0x00007fffc10dd316:   81 ec 20 01 00 00 48 8b 05 1d ef 83 00 48 33 c4
0x00007fffc10dd326:   48 89 45 10 48 8b 05 5f 60 86 00 45 33 ed 4c 8b
0x00007fffc10dd336:   b5 80 00 00 00 4c 8b fa 48 8b bd 88 00 00 00 4d
0x00007fffc10dd346:   8b c6 49 8b d6 49 8b f1 48 8b 48 38 48 8b 59 48
0x00007fffc10dd356:   49 8b cf c7 45 c0 ff ff ff ff 44 89 6d d4 4c 89 


Stack slot to memory mapping:
stack at sp + 0 slots: 0x00007fffc122b2fa jvm.dll
stack at sp + 1 slots: 
[error occurred during error reporting (inspecting top of stack), id 0xc0000005, EXCEPTION_ACCESS_VIOLATION (0xc0000005) at pc=0x00007fffc10dd266]


---------------  P R O C E S S  ---------------

Threads class SMR info:
_java_thread_list=0x0000024c4731a9a0, length=87, elements={
0x0000024c25851000, 0x0000024c4008b000, 0x0000024c4008e800, 0x0000024c400af000,
0x0000024c400af800, 0x0000024c400b0800, 0x0000024c400b3800, 0x0000024c400b5000,
0x0000024c40a89000, 0x0000024c40b75000, 0x0000024c4232a800, 0x0000024c42cbf800,
0x0000024c42e3f800, 0x0000024c42dc5800, 0x0000024c42283800, 0x0000024c42c69800,
0x0000024c42c6a800, 0x0000024c4206f000, 0x0000024c41c55000, 0x0000024c41c56800,
0x0000024c41c56000, 0x0000024c41c53800, 0x0000024c41c51000, 0x0000024c41c57800,
0x0000024c41c52000, 0x0000024c41c52800, 0x0000024c41c54000, 0x0000024c41995800,
0x0000024c41992000, 0x0000024c41996000, 0x0000024c41997000, 0x0000024c41998000,
0x0000024c41998800, 0x0000024c41993000, 0x0000024c41999800, 0x0000024c4199a800,
0x0000024c41994800, 0x0000024c4199c800, 0x0000024c419a0000, 0x0000024c4199b000,
0x0000024c4199f000, 0x0000024c4199c000, 0x0000024c4199e800, 0x0000024c4199d800,
0x0000024c43931000, 0x0000024c4392d000, 0x0000024c4392b000, 0x0000024c4392f000,
0x0000024c4392e800, 0x0000024c43930000, 0x0000024c4392d800, 0x0000024c43931800,
0x0000024c4392c000, 0x0000024c43936000, 0x0000024c43935000, 0x0000024c43937800,
0x0000024c43932800, 0x0000024c43936800, 0x0000024c43938000, 0x0000024c43939000,
0x0000024c43933800, 0x0000024c4393a000, 0x0000024c43934000, 0x0000024c41ba5800,
0x0000024c41ba9800, 0x0000024c41bab000, 0x0000024c41bac000, 0x0000024c41ba7800,
0x0000024c41ba8800, 0x0000024c41baa000, 0x0000024c41ba6000, 0x0000024c41bac800,
0x0000024c41ba7000, 0x0000024c41bb3000, 0x0000024c41bad800, 0x0000024c41bb1800,
0x0000024c41bb2800, 0x0000024c41bb4000, 0x0000024c41baf000, 0x0000024c41bb0800,
0x0000024c4ab1c000, 0x0000024c4ab1d000, 0x0000024c4ab1e000, 0x0000024c4ab1e800,
0x0000024c4ab1f800, 0x0000024c4ab1b800, 0x0000024c4ab19800
}

Java Threads: ( => current thread )
  0x0000024c25851000 JavaThread "main" [_thread_blocked, id=15968, stack(0x000000ae9f600000,0x000000ae9f700000)]
  0x0000024c4008b000 JavaThread "Reference Handler" daemon [_thread_blocked, id=15836, stack(0x000000ae9fd00000,0x000000ae9fe00000)]
  0x0000024c4008e800 JavaThread "Finalizer" daemon [_thread_blocked, id=7556, stack(0x000000ae9fe00000,0x000000ae9ff00000)]
  0x0000024c400af000 JavaThread "Signal Dispatcher" daemon [_thread_blocked, id=15808, stack(0x000000ae9ff00000,0x000000aea0000000)]
  0x0000024c400af800 JavaThread "Attach Listener" daemon [_thread_blocked, id=15896, stack(0x000000aea0000000,0x000000aea0100000)]
  0x0000024c400b0800 JavaThread "Service Thread" daemon [_thread_blocked, id=15764, stack(0x000000aea0100000,0x000000aea0200000)]
  0x0000024c400b3800 JavaThread "C2 CompilerThread0" daemon [_thread_in_native, id=15696, stack(0x000000aea0200000,0x000000aea0300000)]
  0x0000024c400b5000 JavaThread "C1 CompilerThread0" daemon [_thread_blocked, id=11236, stack(0x000000aea0300000,0x000000aea0400000)]
  0x0000024c40a89000 JavaThread "Sweeper thread" daemon [_thread_blocked, id=13916, stack(0x000000aea0400000,0x000000aea0500000)]
  0x0000024c40b75000 JavaThread "Common-Cleaner" daemon [_thread_blocked, id=13704, stack(0x000000aea0500000,0x000000aea0600000)]
  0x0000024c4232a800 JavaThread "Daemon health stats" [_thread_blocked, id=15956, stack(0x000000aea0900000,0x000000aea0a00000)]
  0x0000024c42cbf800 JavaThread "Incoming local TCP Connector on port 55281" [_thread_in_native, id=16084, stack(0x000000aea0a00000,0x000000aea0b00000)]
  0x0000024c42e3f800 JavaThread "Daemon periodic checks" [_thread_blocked, id=1788, stack(0x000000aea0b00000,0x000000aea0c00000)]
  0x0000024c42dc5800 JavaThread "Daemon" [_thread_blocked, id=10924, stack(0x000000aea0c00000,0x000000aea0d00000)]
  0x0000024c42283800 JavaThread "Handler for socket connection from /127.0.0.1:55281 to /127.0.0.1:55293" [_thread_in_native, id=11796, stack(0x000000aea0d00000,0x000000aea0e00000)]
  0x0000024c42c69800 JavaThread "Cancel handler" [_thread_blocked, id=4736, stack(0x000000aea0f00000,0x000000aea1000000)]
  0x0000024c42c6a800 JavaThread "Daemon worker" [_thread_blocked, id=3808, stack(0x000000aea1000000,0x000000aea1100000)]
  0x0000024c4206f000 JavaThread "Asynchronous log dispatcher for DefaultDaemonConnection: socket connection from /127.0.0.1:55281 to /127.0.0.1:55293" [_thread_blocked, id=15848, stack(0x000000aea1100000,0x000000aea1200000)]
  0x0000024c41c55000 JavaThread "Daemon client event forwarder" [_thread_blocked, id=1952, stack(0x000000aea1300000,0x000000aea1400000)]
  0x0000024c41c56800 JavaThread "Cache worker for journal cache (C:\Users\danek\.gradle\caches\journal-1)" [_thread_blocked, id=11920, stack(0x000000aea1400000,0x000000aea1500000)]
  0x0000024c41c56000 JavaThread "File lock request listener" [_thread_in_native, id=10580, stack(0x000000aea1500000,0x000000aea1600000)]
  0x0000024c41c53800 JavaThread "Cache worker for file hash cache (C:\Users\danek\.gradle\caches\7.4\fileHashes)" [_thread_blocked, id=15604, stack(0x000000aea1600000,0x000000aea1700000)]
  0x0000024c41c51000 JavaThread "File watcher server" daemon [_thread_in_native, id=8172, stack(0x000000aea1700000,0x000000aea1800000)]
  0x0000024c41c57800 JavaThread "File watcher consumer" daemon [_thread_blocked, id=8408, stack(0x000000aea1800000,0x000000aea1900000)]
  0x0000024c41c52000 JavaThread "Cache worker for checksums cache (C:\Users\danek\Documents\GitHub\school_todo\android\.gradle\7.4\checksums)" [_thread_blocked, id=5636, stack(0x000000aea1900000,0x000000aea1a00000)]
  0x0000024c41c52800 JavaThread "Cache worker for cache directory md-rule (C:\Users\danek\.gradle\caches\7.4\md-rule)" [_thread_blocked, id=2304, stack(0x000000aea1a00000,0x000000aea1b00000)]
  0x0000024c41c54000 JavaThread "Cache worker for file hash cache (C:\Users\danek\Documents\GitHub\school_todo\android\.gradle\7.4\fileHashes)" [_thread_blocked, id=13252, stack(0x000000aea1b00000,0x000000aea1c00000)]
  0x0000024c41995800 JavaThread "Cache worker for cache directory md-supplier (C:\Users\danek\.gradle\caches\7.4\md-supplier)" [_thread_blocked, id=14700, stack(0x000000aea1c00000,0x000000aea1d00000)]
  0x0000024c41992000 JavaThread "Cache worker for execution history cache (C:\Users\danek\.gradle\caches\7.4\executionHistory)" [_thread_blocked, id=16220, stack(0x000000aea1d00000,0x000000aea1e00000)]
  0x0000024c41996000 JavaThread "jar transforms" [_thread_blocked, id=14068, stack(0x000000aea1e00000,0x000000aea1f00000)]
  0x0000024c41997000 JavaThread "jar transforms Thread 2" [_thread_blocked, id=12116, stack(0x000000aea1f00000,0x000000aea2000000)]
  0x0000024c41998000 JavaThread "Cache worker for file content cache (C:\Users\danek\.gradle\caches\7.4\fileContent)" [_thread_blocked, id=16356, stack(0x000000aea2000000,0x000000aea2100000)]
  0x0000024c41998800 JavaThread "jar transforms Thread 3" [_thread_blocked, id=8632, stack(0x000000aea2100000,0x000000aea2200000)]
  0x0000024c41993000 JavaThread "jar transforms Thread 4" [_thread_blocked, id=13316, stack(0x000000aea2200000,0x000000aea2300000)]
  0x0000024c41999800 JavaThread "Cache worker for dependencies-accessors (C:\Users\danek\Documents\GitHub\school_todo\android\.gradle\7.4\dependencies-accessors)" [_thread_blocked, id=14140, stack(0x000000aea2300000,0x000000aea2400000)]
  0x0000024c4199a800 JavaThread "Cache worker for Build Output Cleanup Cache (C:\Users\danek\Documents\GitHub\school_todo\android\.gradle\buildOutputCleanup)" [_thread_blocked, id=6648, stack(0x000000aea2400000,0x000000aea2500000)]
  0x0000024c41994800 JavaThread "Unconstrained build operations" [_thread_blocked, id=9852, stack(0x000000aea2700000,0x000000aea2800000)]
  0x0000024c4199c800 JavaThread "Unconstrained build operations Thread 2" [_thread_blocked, id=15500, stack(0x000000aea2800000,0x000000aea2900000)]
  0x0000024c419a0000 JavaThread "Unconstrained build operations Thread 3" [_thread_blocked, id=13540, stack(0x000000aea2900000,0x000000aea2a00000)]
  0x0000024c4199b000 JavaThread "Unconstrained build operations Thread 4" [_thread_blocked, id=12468, stack(0x000000aea2a00000,0x000000aea2b00000)]
  0x0000024c4199f000 JavaThread "Unconstrained build operations Thread 5" [_thread_blocked, id=15572, stack(0x000000aea2b00000,0x000000aea2c00000)]
  0x0000024c4199c000 JavaThread "Unconstrained build operations Thread 6" [_thread_blocked, id=6828, stack(0x000000aea2c00000,0x000000aea2d00000)]
  0x0000024c4199e800 JavaThread "Unconstrained build operations Thread 7" [_thread_blocked, id=12368, stack(0x000000aea2d00000,0x000000aea2e00000)]
  0x0000024c4199d800 JavaThread "Unconstrained build operations Thread 8" [_thread_blocked, id=7204, stack(0x000000aea2e00000,0x000000aea2f00000)]
  0x0000024c43931000 JavaThread "Unconstrained build operations Thread 9" [_thread_blocked, id=12188, stack(0x000000aea2f00000,0x000000aea3000000)]
  0x0000024c4392d000 JavaThread "Unconstrained build operations Thread 10" [_thread_blocked, id=16264, stack(0x000000aea3000000,0x000000aea3100000)]
  0x0000024c4392b000 JavaThread "Unconstrained build operations Thread 11" [_thread_blocked, id=356, stack(0x000000aea3100000,0x000000aea3200000)]
  0x0000024c4392f000 JavaThread "Unconstrained build operations Thread 12" [_thread_blocked, id=16132, stack(0x000000aea3200000,0x000000aea3300000)]
  0x0000024c4392e800 JavaThread "Unconstrained build operations Thread 13" [_thread_blocked, id=7896, stack(0x000000aea3300000,0x000000aea3400000)]
  0x0000024c43930000 JavaThread "Unconstrained build operations Thread 14" [_thread_blocked, id=13792, stack(0x000000aea3400000,0x000000aea3500000)]
  0x0000024c4392d800 JavaThread "Unconstrained build operations Thread 15" [_thread_blocked, id=16248, stack(0x000000aea3500000,0x000000aea3600000)]
  0x0000024c43931800 JavaThread "Unconstrained build operations Thread 16" [_thread_blocked, id=15436, stack(0x000000aea3600000,0x000000aea3700000)]
  0x0000024c4392c000 JavaThread "Unconstrained build operations Thread 17" [_thread_blocked, id=2152, stack(0x000000aea3700000,0x000000aea3800000)]
  0x0000024c43936000 JavaThread "Unconstrained build operations Thread 18" [_thread_blocked, id=5836, stack(0x000000aea3800000,0x000000aea3900000)]
  0x0000024c43935000 JavaThread "Unconstrained build operations Thread 19" [_thread_blocked, id=16112, stack(0x000000aea3900000,0x000000aea3a00000)]
  0x0000024c43937800 JavaThread "Unconstrained build operations Thread 20" [_thread_blocked, id=15692, stack(0x000000aea3a00000,0x000000aea3b00000)]
  0x0000024c43932800 JavaThread "Unconstrained build operations Thread 21" [_thread_blocked, id=9960, stack(0x000000aea3b00000,0x000000aea3c00000)]
  0x0000024c43936800 JavaThread "Unconstrained build operations Thread 22" [_thread_blocked, id=6116, stack(0x000000aea3c00000,0x000000aea3d00000)]
  0x0000024c43938000 JavaThread "Unconstrained build operations Thread 23" [_thread_blocked, id=13392, stack(0x000000aea3d00000,0x000000aea3e00000)]
  0x0000024c43939000 JavaThread "Unconstrained build operations Thread 24" [_thread_blocked, id=15376, stack(0x000000aea3e00000,0x000000aea3f00000)]
  0x0000024c43933800 JavaThread "Unconstrained build operations Thread 25" [_thread_blocked, id=12252, stack(0x000000aea3f00000,0x000000aea4000000)]
  0x0000024c4393a000 JavaThread "Unconstrained build operations Thread 26" [_thread_blocked, id=9416, stack(0x000000aea4000000,0x000000aea4100000)]
  0x0000024c43934000 JavaThread "Unconstrained build operations Thread 27" [_thread_blocked, id=12508, stack(0x000000aea4100000,0x000000aea4200000)]
  0x0000024c41ba5800 JavaThread "Unconstrained build operations Thread 28" [_thread_blocked, id=2584, stack(0x000000aea4200000,0x000000aea4300000)]
  0x0000024c41ba9800 JavaThread "Unconstrained build operations Thread 29" [_thread_blocked, id=1644, stack(0x000000aea4300000,0x000000aea4400000)]
  0x0000024c41bab000 JavaThread "Unconstrained build operations Thread 30" [_thread_blocked, id=3812, stack(0x000000aea4400000,0x000000aea4500000)]
  0x0000024c41bac000 JavaThread "Unconstrained build operations Thread 31" [_thread_blocked, id=10720, stack(0x000000aea4500000,0x000000aea4600000)]
  0x0000024c41ba7800 JavaThread "Unconstrained build operations Thread 32" [_thread_blocked, id=15136, stack(0x000000aea4600000,0x000000aea4700000)]
  0x0000024c41ba8800 JavaThread "Unconstrained build operations Thread 33" [_thread_blocked, id=13676, stack(0x000000aea4700000,0x000000aea4800000)]
  0x0000024c41baa000 JavaThread "Unconstrained build operations Thread 34" [_thread_blocked, id=15560, stack(0x000000aea4800000,0x000000aea4900000)]
  0x0000024c41ba6000 JavaThread "Unconstrained build operations Thread 35" [_thread_blocked, id=15728, stack(0x000000aea4900000,0x000000aea4a00000)]
  0x0000024c41bac800 JavaThread "Unconstrained build operations Thread 36" [_thread_blocked, id=12756, stack(0x000000aea4a00000,0x000000aea4b00000)]
  0x0000024c41ba7000 JavaThread "Unconstrained build operations Thread 37" [_thread_blocked, id=2712, stack(0x000000aea4b00000,0x000000aea4c00000)]
  0x0000024c41bb3000 JavaThread "Unconstrained build operations Thread 38" [_thread_blocked, id=15480, stack(0x000000aea4c00000,0x000000aea4d00000)]
  0x0000024c41bad800 JavaThread "Unconstrained build operations Thread 39" [_thread_blocked, id=4256, stack(0x000000aea4d00000,0x000000aea4e00000)]
  0x0000024c41bb1800 JavaThread "Unconstrained build operations Thread 40" [_thread_blocked, id=16080, stack(0x000000aea4e00000,0x000000aea4f00000)]
  0x0000024c41bb2800 JavaThread "Memory manager" [_thread_blocked, id=4496, stack(0x000000aea4f00000,0x000000aea5000000)]
  0x0000024c41bb4000 JavaThread "build event listener" [_thread_blocked, id=15472, stack(0x000000aea5000000,0x000000aea5100000)]
  0x0000024c41baf000 JavaThread "included builds" [_thread_blocked, id=10940, stack(0x000000ae9f500000,0x000000ae9f600000)]
  0x0000024c41bb0800 JavaThread "Execution worker for ':'" [_thread_blocked, id=15584, stack(0x000000aea5100000,0x000000aea5200000)]
  0x0000024c4ab1c000 JavaThread "Execution worker for ':' Thread 2" [_thread_blocked, id=1444, stack(0x000000aea5200000,0x000000aea5300000)]
  0x0000024c4ab1d000 JavaThread "Execution worker for ':' Thread 3" [_thread_blocked, id=12516, stack(0x000000aea5300000,0x000000aea5400000)]
  0x0000024c4ab1e000 JavaThread "Cache worker for execution history cache (C:\Users\danek\Documents\GitHub\school_todo\android\.gradle\7.4\executionHistory)" [_thread_blocked, id=4868, stack(0x000000aea5400000,0x000000aea5500000)]
  0x0000024c4ab1e800 JavaThread "Exec process" [_thread_blocked, id=10272, stack(0x000000aea5600000,0x000000aea5700000)]
  0x0000024c4ab1f800 JavaThread "Exec process Thread 2" [_thread_blocked, id=15672, stack(0x000000aea5700000,0x000000aea5800000)]
  0x0000024c4ab1b800 JavaThread "Exec process Thread 3" [_thread_blocked, id=5092, stack(0x000000aea5800000,0x000000aea5900000)]
  0x0000024c4ab19800 JavaThread "C2 CompilerThread1" daemon [_thread_blocked, id=8428, stack(0x000000ae9f400000,0x000000ae9f500000)]

Other Threads:
  0x0000024c40068800 VMThread "VM Thread" [stack: 0x000000ae9fc00000,0x000000ae9fd00000] [id=15468]
  0x0000024c40b76800 WatcherThread [stack: 0x000000aea0600000,0x000000aea0700000] [id=4584]
  0x0000024c2586a000 GCTaskThread "GC Thread#0" [stack: 0x000000ae9f700000,0x000000ae9f800000] [id=15804]
  0x0000024c41494000 GCTaskThread "GC Thread#1" [stack: 0x000000aea0700000,0x000000aea0800000] [id=124]
  0x0000024c40f4d000 GCTaskThread "GC Thread#2" [stack: 0x000000aea0800000,0x000000aea0900000] [id=10520]
  0x0000024c41ccf800 GCTaskThread "GC Thread#3" [stack: 0x000000aea0e00000,0x000000aea0f00000] [id=15484]
  0x0000024c25891000 ConcurrentGCThread "G1 Main Marker" [stack: 0x000000ae9f800000,0x000000ae9f900000] [id=16052]
=>0x0000024c25892000 ConcurrentGCThread "G1 Conc#0" [stack: 0x000000ae9f900000,0x000000ae9fa00000] [id=16252]
  0x0000024c2591e800 ConcurrentGCThread "G1 Refine#0" [stack: 0x000000ae9fa00000,0x000000ae9fb00000] [id=15680]
  0x0000024c2591f800 ConcurrentGCThread "G1 Young RemSet Sampling" [stack: 0x000000ae9fb00000,0x000000ae9fc00000] [id=15652]

Threads with active compile tasks:
C2 CompilerThread0 150371 9700       4       java.lang.String::split (324 bytes)

VM state:not at safepoint (normal execution)

VM Mutex/Monitor currently owned by a thread: None

Heap address: 0x00000000a0000000, size: 1536 MB, Compressed Oops mode: 32-bit
Narrow klass base: 0x0000000000000000, Narrow klass shift: 3
Compressed class space size: 1073741824 Address: 0x0000000100000000

Heap:
 garbage-first heap   total 131072K, used 92004K [0x00000000a0000000, 0x0000000100000000)
  region size 1024K, 4 young (4096K), 2 survivors (2048K)
 Metaspace       used 86742K, capacity 89147K, committed 89424K, reserved 1126400K
  class space    used 11475K, capacity 12386K, committed 12416K, reserved 1048576K
Heap Regions: E=young(eden), S=young(survivor), O=old, HS=humongous(starts), HC=humongous(continues), CS=collection set, F=free, A=archive, TAMS=top-at-mark-start (previous, next)
|   0|0x00000000a0000000, 0x00000000a0100000, 0x00000000a0100000|100%|HS|  |TAMS 0x00000000a0100000, 0x00000000a0100000| Complete 
|   1|0x00000000a0100000, 0x00000000a0200000, 0x00000000a0200000|100%|HC|  |TAMS 0x00000000a0200000, 0x00000000a0200000| Complete 
|   2|0x00000000a0200000, 0x00000000a0300000, 0x00000000a0300000|100%|HC|  |TAMS 0x00000000a0300000, 0x00000000a0300000| Complete 
|   3|0x00000000a0300000, 0x00000000a0400000, 0x00000000a0400000|100%| O|  |TAMS 0x00000000a0400000, 0x00000000a0400000| Untracked 
|   4|0x00000000a0400000, 0x00000000a0500000, 0x00000000a0500000|100%| O|  |TAMS 0x00000000a0500000, 0x00000000a0500000| Untracked 
|   5|0x00000000a0500000, 0x00000000a0600000, 0x00000000a0600000|100%| O|  |TAMS 0x00000000a0600000, 0x00000000a0600000| Untracked 
|   6|0x00000000a0600000, 0x00000000a0700000, 0x00000000a0700000|100%| O|  |TAMS 0x00000000a0700000, 0x00000000a0700000| Untracked 
|   7|0x00000000a0700000, 0x00000000a0800000, 0x00000000a0800000|100%| O|  |TAMS 0x00000000a0800000, 0x00000000a0800000| Untracked 
|   8|0x00000000a0800000, 0x00000000a0900000, 0x00000000a0900000|100%| O|  |TAMS 0x00000000a0900000, 0x00000000a0900000| Untracked 
|   9|0x00000000a0900000, 0x00000000a0a00000, 0x00000000a0a00000|100%| O|  |TAMS 0x00000000a0a00000, 0x00000000a0a00000| Untracked 
|  10|0x00000000a0a00000, 0x00000000a0b00000, 0x00000000a0b00000|100%| O|  |TAMS 0x00000000a0b00000, 0x00000000a0b00000| Untracked 
|  11|0x00000000a0b00000, 0x00000000a0c00000, 0x00000000a0c00000|100%| O|  |TAMS 0x00000000a0c00000, 0x00000000a0c00000| Untracked 
|  12|0x00000000a0c00000, 0x00000000a0d00000, 0x00000000a0d00000|100%| O|  |TAMS 0x00000000a0d00000, 0x00000000a0d00000| Untracked 
|  13|0x00000000a0d00000, 0x00000000a0e00000, 0x00000000a0e00000|100%| O|  |TAMS 0x00000000a0e00000, 0x00000000a0e00000| Untracked 
|  14|0x00000000a0e00000, 0x00000000a0f00000, 0x00000000a0f00000|100%| O|  |TAMS 0x00000000a0f00000, 0x00000000a0f00000| Untracked 
|  15|0x00000000a0f00000, 0x00000000a1000000, 0x00000000a1000000|100%| O|  |TAMS 0x00000000a1000000, 0x00000000a1000000| Untracked 
|  16|0x00000000a1000000, 0x00000000a1100000, 0x00000000a1100000|100%| O|  |TAMS 0x00000000a1100000, 0x00000000a1100000| Untracked 
|  17|0x00000000a1100000, 0x00000000a1200000, 0x00000000a1200000|100%| O|  |TAMS 0x00000000a1200000, 0x00000000a1200000| Untracked 
|  18|0x00000000a1200000, 0x00000000a1300000, 0x00000000a1300000|100%| O|  |TAMS 0x00000000a1300000, 0x00000000a1300000| Untracked 
|  19|0x00000000a1300000, 0x00000000a1400000, 0x00000000a1400000|100%| O|  |TAMS 0x00000000a1400000, 0x00000000a1400000| Untracked 
|  20|0x00000000a1400000, 0x00000000a1500000, 0x00000000a1500000|100%| O|  |TAMS 0x00000000a1500000, 0x00000000a1500000| Untracked 
|  21|0x00000000a1500000, 0x00000000a1600000, 0x00000000a1600000|100%| O|  |TAMS 0x00000000a1600000, 0x00000000a1600000| Untracked 
|  22|0x00000000a1600000, 0x00000000a1700000, 0x00000000a1700000|100%| O|  |TAMS 0x00000000a1700000, 0x00000000a1700000| Untracked 
|  23|0x00000000a1700000, 0x00000000a1800000, 0x00000000a1800000|100%| O|  |TAMS 0x00000000a1800000, 0x00000000a1800000| Untracked 
|  24|0x00000000a1800000, 0x00000000a1900000, 0x00000000a1900000|100%| O|  |TAMS 0x00000000a1900000, 0x00000000a1900000| Untracked 
|  25|0x00000000a1900000, 0x00000000a1a00000, 0x00000000a1a00000|100%| O|  |TAMS 0x00000000a1a00000, 0x00000000a1a00000| Untracked 
|  26|0x00000000a1a00000, 0x00000000a1b00000, 0x00000000a1b00000|100%| O|  |TAMS 0x00000000a1b00000, 0x00000000a1b00000| Untracked 
|  27|0x00000000a1b00000, 0x00000000a1c00000, 0x00000000a1c00000|100%|HS|  |TAMS 0x00000000a1c00000, 0x00000000a1c00000| Complete 
|  28|0x00000000a1c00000, 0x00000000a1d00000, 0x00000000a1d00000|100%|HS|  |TAMS 0x00000000a1d00000, 0x00000000a1d00000| Complete 
|  29|0x00000000a1d00000, 0x00000000a1e00000, 0x00000000a1e00000|100%|HS|  |TAMS 0x00000000a1e00000, 0x00000000a1e00000| Complete 
|  30|0x00000000a1e00000, 0x00000000a1f00000, 0x00000000a1f00000|100%|HS|  |TAMS 0x00000000a1f00000, 0x00000000a1f00000| Complete 
|  31|0x00000000a1f00000, 0x00000000a2000000, 0x00000000a2000000|100%|HS|  |TAMS 0x00000000a2000000, 0x00000000a2000000| Complete 
|  32|0x00000000a2000000, 0x00000000a2100000, 0x00000000a2100000|100%|HC|  |TAMS 0x00000000a2100000, 0x00000000a2100000| Complete 
|  33|0x00000000a2100000, 0x00000000a2200000, 0x00000000a2200000|100%|HC|  |TAMS 0x00000000a2200000, 0x00000000a2200000| Complete 
|  34|0x00000000a2200000, 0x00000000a2300000, 0x00000000a2300000|100%|HS|  |TAMS 0x00000000a2300000, 0x00000000a2300000| Complete 
|  35|0x00000000a2300000, 0x00000000a2400000, 0x00000000a2400000|100%|HC|  |TAMS 0x00000000a2400000, 0x00000000a2400000| Complete 
|  36|0x00000000a2400000, 0x00000000a2500000, 0x00000000a2500000|100%| O|  |TAMS 0x00000000a2500000, 0x00000000a2500000| Untracked 
|  37|0x00000000a2500000, 0x00000000a2600000, 0x00000000a2600000|100%| O|  |TAMS 0x00000000a2600000, 0x00000000a2600000| Untracked 
|  38|0x00000000a2600000, 0x00000000a2700000, 0x00000000a2700000|100%| O|  |TAMS 0x00000000a2700000, 0x00000000a2700000| Untracked 
|  39|0x00000000a2700000, 0x00000000a2800000, 0x00000000a2800000|100%| O|  |TAMS 0x00000000a2800000, 0x00000000a2800000| Untracked 
|  40|0x00000000a2800000, 0x00000000a2900000, 0x00000000a2900000|100%| O|  |TAMS 0x00000000a2900000, 0x00000000a2900000| Untracked 
|  41|0x00000000a2900000, 0x00000000a2a00000, 0x00000000a2a00000|100%| O|  |TAMS 0x00000000a2a00000, 0x00000000a2a00000| Untracked 
|  42|0x00000000a2a00000, 0x00000000a2b00000, 0x00000000a2b00000|100%| O|  |TAMS 0x00000000a2b00000, 0x00000000a2b00000| Untracked 
|  43|0x00000000a2b00000, 0x00000000a2c00000, 0x00000000a2c00000|100%| O|  |TAMS 0x00000000a2c00000, 0x00000000a2c00000| Untracked 
|  44|0x00000000a2c00000, 0x00000000a2d00000, 0x00000000a2d00000|100%| O|  |TAMS 0x00000000a2d00000, 0x00000000a2d00000| Untracked 
|  45|0x00000000a2d00000, 0x00000000a2e00000, 0x00000000a2e00000|100%| O|  |TAMS 0x00000000a2e00000, 0x00000000a2e00000| Untracked 
|  46|0x00000000a2e00000, 0x00000000a2f00000, 0x00000000a2f00000|100%| O|  |TAMS 0x00000000a2f00000, 0x00000000a2f00000| Untracked 
|  47|0x00000000a2f00000, 0x00000000a3000000, 0x00000000a3000000|100%| O|  |TAMS 0x00000000a3000000, 0x00000000a3000000| Untracked 
|  48|0x00000000a3000000, 0x00000000a3100000, 0x00000000a3100000|100%| O|  |TAMS 0x00000000a3100000, 0x00000000a3100000| Untracked 
|  49|0x00000000a3100000, 0x00000000a3200000, 0x00000000a3200000|100%|HS|  |TAMS 0x00000000a3200000, 0x00000000a3200000| Complete 
|  50|0x00000000a3200000, 0x00000000a3300000, 0x00000000a3300000|100%| O|  |TAMS 0x00000000a3300000, 0x00000000a3300000| Untracked 
|  51|0x00000000a3300000, 0x00000000a3400000, 0x00000000a3400000|100%| O|  |TAMS 0x00000000a3400000, 0x00000000a3400000| Untracked 
|  52|0x00000000a3400000, 0x00000000a3500000, 0x00000000a3500000|100%| O|  |TAMS 0x00000000a3500000, 0x00000000a3500000| Untracked 
|  53|0x00000000a3500000, 0x00000000a3600000, 0x00000000a3600000|100%| O|  |TAMS 0x00000000a3600000, 0x00000000a3600000| Untracked 
|  54|0x00000000a3600000, 0x00000000a3700000, 0x00000000a3700000|100%| O|  |TAMS 0x00000000a3700000, 0x00000000a3700000| Untracked 
|  55|0x00000000a3700000, 0x00000000a3800000, 0x00000000a3800000|100%|HS|  |TAMS 0x00000000a3800000, 0x00000000a3800000| Complete 
|  56|0x00000000a3800000, 0x00000000a3900000, 0x00000000a3900000|100%|HC|  |TAMS 0x00000000a3900000, 0x00000000a3900000| Complete 
|  57|0x00000000a3900000, 0x00000000a3a00000, 0x00000000a3a00000|100%| O|  |TAMS 0x00000000a3a00000, 0x00000000a3a00000| Untracked 
|  58|0x00000000a3a00000, 0x00000000a3b00000, 0x00000000a3b00000|100%| O|  |TAMS 0x00000000a3b00000, 0x00000000a3b00000| Untracked 
|  59|0x00000000a3b00000, 0x00000000a3c00000, 0x00000000a3c00000|100%| O|  |TAMS 0x00000000a3c00000, 0x00000000a3c00000| Untracked 
|  60|0x00000000a3c00000, 0x00000000a3d00000, 0x00000000a3d00000|100%| O|  |TAMS 0x00000000a3d00000, 0x00000000a3d00000| Untracked 
|  61|0x00000000a3d00000, 0x00000000a3e00000, 0x00000000a3e00000|100%| O|  |TAMS 0x00000000a3e00000, 0x00000000a3e00000| Untracked 
|  62|0x00000000a3e00000, 0x00000000a3f00000, 0x00000000a3f00000|100%| O|  |TAMS 0x00000000a3f00000, 0x00000000a3f00000| Untracked 
|  63|0x00000000a3f00000, 0x00000000a4000000, 0x00000000a4000000|100%| O|  |TAMS 0x00000000a4000000, 0x00000000a4000000| Untracked 
|  64|0x00000000a4000000, 0x00000000a4100000, 0x00000000a4100000|100%| O|  |TAMS 0x00000000a4100000, 0x00000000a4100000| Untracked 
|  65|0x00000000a4100000, 0x00000000a4200000, 0x00000000a4200000|100%| O|  |TAMS 0x00000000a4200000, 0x00000000a4200000| Untracked 
|  66|0x00000000a4200000, 0x00000000a4300000, 0x00000000a4300000|100%| O|  |TAMS 0x00000000a4300000, 0x00000000a4300000| Untracked 
|  67|0x00000000a4300000, 0x00000000a4400000, 0x00000000a4400000|100%| O|  |TAMS 0x00000000a4400000, 0x00000000a4400000| Untracked 
|  68|0x00000000a4400000, 0x00000000a4500000, 0x00000000a4500000|100%| O|  |TAMS 0x00000000a4500000, 0x00000000a4500000| Untracked 
|  69|0x00000000a4500000, 0x00000000a4600000, 0x00000000a4600000|100%| O|  |TAMS 0x00000000a4600000, 0x00000000a4600000| Untracked 
|  70|0x00000000a4600000, 0x00000000a4700000, 0x00000000a4700000|100%| O|  |TAMS 0x00000000a4700000, 0x00000000a4700000| Untracked 
|  71|0x00000000a4700000, 0x00000000a4800000, 0x00000000a4800000|100%| O|  |TAMS 0x00000000a4800000, 0x00000000a4800000| Untracked 
|  72|0x00000000a4800000, 0x00000000a4900000, 0x00000000a4900000|100%| O|  |TAMS 0x00000000a4900000, 0x00000000a4900000| Untracked 
|  73|0x00000000a4900000, 0x00000000a4a00000, 0x00000000a4a00000|100%| O|  |TAMS 0x00000000a4a00000, 0x00000000a4a00000| Untracked 
|  74|0x00000000a4a00000, 0x00000000a4b00000, 0x00000000a4b00000|100%| O|  |TAMS 0x00000000a4b00000, 0x00000000a4b00000| Untracked 
|  75|0x00000000a4b00000, 0x00000000a4c00000, 0x00000000a4c00000|100%| O|  |TAMS 0x00000000a4c00000, 0x00000000a4c00000| Untracked 
|  76|0x00000000a4c00000, 0x00000000a4d00000, 0x00000000a4d00000|100%| O|  |TAMS 0x00000000a4d00000, 0x00000000a4d00000| Untracked 
|  77|0x00000000a4d00000, 0x00000000a4e00000, 0x00000000a4e00000|100%| O|  |TAMS 0x00000000a4e00000, 0x00000000a4e00000| Untracked 
|  78|0x00000000a4e00000, 0x00000000a4f00000, 0x00000000a4f00000|100%| O|  |TAMS 0x00000000a4f00000, 0x00000000a4f00000| Untracked 
|  79|0x00000000a4f00000, 0x00000000a5000000, 0x00000000a5000000|100%| O|  |TAMS 0x00000000a5000000, 0x00000000a5000000| Untracked 
|  80|0x00000000a5000000, 0x00000000a5100000, 0x00000000a5100000|100%| O|  |TAMS 0x00000000a5100000, 0x00000000a5100000| Untracked 
|  81|0x00000000a5100000, 0x00000000a5200000, 0x00000000a5200000|100%| O|  |TAMS 0x00000000a51f2a00, 0x00000000a5200000| Untracked 
|  82|0x00000000a5200000, 0x00000000a5300000, 0x00000000a5300000|100%| O|  |TAMS 0x00000000a5200000, 0x00000000a5300000| Untracked 
|  83|0x00000000a5300000, 0x00000000a5400000, 0x00000000a5400000|100%| O|  |TAMS 0x00000000a5300000, 0x00000000a5400000| Untracked 
|  84|0x00000000a5400000, 0x00000000a5500000, 0x00000000a5500000|100%| O|  |TAMS 0x00000000a5400000, 0x00000000a5500000| Untracked 
|  85|0x00000000a5500000, 0x00000000a5600000, 0x00000000a5600000|100%| O|  |TAMS 0x00000000a5500000, 0x00000000a5600000| Untracked 
|  86|0x00000000a5600000, 0x00000000a5700000, 0x00000000a5700000|100%| O|  |TAMS 0x00000000a5600000, 0x00000000a5700000| Untracked 
|  87|0x00000000a5700000, 0x00000000a5725000, 0x00000000a5800000| 14%| O|  |TAMS 0x00000000a5700000, 0x00000000a5725000| Untracked 
|  88|0x00000000a5800000, 0x00000000a5800000, 0x00000000a5900000|  0%| F|  |TAMS 0x00000000a5800000, 0x00000000a5800000| Untracked 
|  89|0x00000000a5900000, 0x00000000a5900000, 0x00000000a5a00000|  0%| F|  |TAMS 0x00000000a5900000, 0x00000000a5900000| Untracked 
|  90|0x00000000a5a00000, 0x00000000a5a00000, 0x00000000a5b00000|  0%| F|  |TAMS 0x00000000a5a00000, 0x00000000a5a00000| Untracked 
|  91|0x00000000a5b00000, 0x00000000a5b00000, 0x00000000a5c00000|  0%| F|  |TAMS 0x00000000a5b00000, 0x00000000a5b00000| Untracked 
|  92|0x00000000a5c00000, 0x00000000a5c00000, 0x00000000a5d00000|  0%| F|  |TAMS 0x00000000a5c00000, 0x00000000a5c00000| Untracked 
|  93|0x00000000a5d00000, 0x00000000a5d00000, 0x00000000a5e00000|  0%| F|  |TAMS 0x00000000a5d00000, 0x00000000a5d00000| Untracked 
|  94|0x00000000a5e00000, 0x00000000a5e00000, 0x00000000a5f00000|  0%| F|  |TAMS 0x00000000a5e00000, 0x00000000a5e00000| Untracked 
|  95|0x00000000a5f00000, 0x00000000a5f00000, 0x00000000a6000000|  0%| F|  |TAMS 0x00000000a5f00000, 0x00000000a5f00000| Untracked 
|  96|0x00000000a6000000, 0x00000000a6000000, 0x00000000a6100000|  0%| F|  |TAMS 0x00000000a6000000, 0x00000000a6000000| Untracked 
|  97|0x00000000a6100000, 0x00000000a6100000, 0x00000000a6200000|  0%| F|  |TAMS 0x00000000a6100000, 0x00000000a6100000| Untracked 
|  98|0x00000000a6200000, 0x00000000a6200000, 0x00000000a6300000|  0%| F|  |TAMS 0x00000000a6200000, 0x00000000a6200000| Untracked 
|  99|0x00000000a6300000, 0x00000000a6300000, 0x00000000a6400000|  0%| F|  |TAMS 0x00000000a6300000, 0x00000000a6300000| Untracked 
| 100|0x00000000a6400000, 0x00000000a6400000, 0x00000000a6500000|  0%| F|  |TAMS 0x00000000a6400000, 0x00000000a6400000| Untracked 
| 101|0x00000000a6500000, 0x00000000a6500000, 0x00000000a6600000|  0%| F|  |TAMS 0x00000000a6500000, 0x00000000a6500000| Untracked 
| 102|0x00000000a6600000, 0x00000000a66b4080, 0x00000000a6700000| 70%| S|CS|TAMS 0x00000000a6600000, 0x00000000a6600000| Complete 
| 103|0x00000000a6700000, 0x00000000a6700000, 0x00000000a6800000|  0%| F|  |TAMS 0x00000000a6700000, 0x00000000a6700000| Untracked 
| 104|0x00000000a6800000, 0x00000000a6800000, 0x00000000a6900000|  0%| F|  |TAMS 0x00000000a6800000, 0x00000000a6800000| Untracked 
| 105|0x00000000a6900000, 0x00000000a6a00000, 0x00000000a6a00000|100%| S|CS|TAMS 0x00000000a6900000, 0x00000000a6900000| Complete 
| 106|0x00000000a6a00000, 0x00000000a6a00000, 0x00000000a6b00000|  0%| F|  |TAMS 0x00000000a6a00000, 0x00000000a6a00000| Untracked 
| 107|0x00000000a6b00000, 0x00000000a6b00000, 0x00000000a6c00000|  0%| F|  |TAMS 0x00000000a6b00000, 0x00000000a6b00000| Untracked 
| 108|0x00000000a6c00000, 0x00000000a6c00000, 0x00000000a6d00000|  0%| F|  |TAMS 0x00000000a6c00000, 0x00000000a6c00000| Untracked 
| 109|0x00000000a6d00000, 0x00000000a6d00000, 0x00000000a6e00000|  0%| F|  |TAMS 0x00000000a6d00000, 0x00000000a6d00000| Untracked 
| 110|0x00000000a6e00000, 0x00000000a6e00000, 0x00000000a6f00000|  0%| F|  |TAMS 0x00000000a6e00000, 0x00000000a6e00000| Untracked 
| 111|0x00000000a6f00000, 0x00000000a6f00000, 0x00000000a7000000|  0%| F|  |TAMS 0x00000000a6f00000, 0x00000000a6f00000| Untracked 
| 112|0x00000000a7000000, 0x00000000a7000000, 0x00000000a7100000|  0%| F|  |TAMS 0x00000000a7000000, 0x00000000a7000000| Untracked 
| 113|0x00000000a7100000, 0x00000000a7100000, 0x00000000a7200000|  0%| F|  |TAMS 0x00000000a7100000, 0x00000000a7100000| Untracked 
| 114|0x00000000a7200000, 0x00000000a7200000, 0x00000000a7300000|  0%| F|  |TAMS 0x00000000a7200000, 0x00000000a7200000| Untracked 
| 115|0x00000000a7300000, 0x00000000a7300000, 0x00000000a7400000|  0%| F|  |TAMS 0x00000000a7300000, 0x00000000a7300000| Untracked 
| 116|0x00000000a7400000, 0x00000000a7400000, 0x00000000a7500000|  0%| F|  |TAMS 0x00000000a7400000, 0x00000000a7400000| Untracked 
| 117|0x00000000a7500000, 0x00000000a7500000, 0x00000000a7600000|  0%| F|  |TAMS 0x00000000a7500000, 0x00000000a7500000| Untracked 
| 118|0x00000000a7600000, 0x00000000a7600000, 0x00000000a7700000|  0%| F|  |TAMS 0x00000000a7600000, 0x00000000a7600000| Untracked 
| 119|0x00000000a7700000, 0x00000000a7700000, 0x00000000a7800000|  0%| F|  |TAMS 0x00000000a7700000, 0x00000000a7700000| Untracked 
| 120|0x00000000a7800000, 0x00000000a7800000, 0x00000000a7900000|  0%| F|  |TAMS 0x00000000a7800000, 0x00000000a7800000| Untracked 
| 121|0x00000000a7900000, 0x00000000a7900000, 0x00000000a7a00000|  0%| F|  |TAMS 0x00000000a7900000, 0x00000000a7900000| Untracked 
| 122|0x00000000a7a00000, 0x00000000a7a00000, 0x00000000a7b00000|  0%| F|  |TAMS 0x00000000a7a00000, 0x00000000a7a00000| Untracked 
| 123|0x00000000a7b00000, 0x00000000a7b00000, 0x00000000a7c00000|  0%| F|  |TAMS 0x00000000a7b00000, 0x00000000a7b00000| Untracked 
| 124|0x00000000a7c00000, 0x00000000a7c00000, 0x00000000a7d00000|  0%| F|  |TAMS 0x00000000a7c00000, 0x00000000a7c00000| Untracked 
| 125|0x00000000a7d00000, 0x00000000a7d00000, 0x00000000a7e00000|  0%| F|  |TAMS 0x00000000a7d00000, 0x00000000a7d00000| Untracked 
| 126|0x00000000a7e00000, 0x00000000a7e6c428, 0x00000000a7f00000| 42%| E|  |TAMS 0x00000000a7e00000, 0x00000000a7e00000| Complete 
| 127|0x00000000a7f00000, 0x00000000a8000000, 0x00000000a8000000|100%| E|CS|TAMS 0x00000000a7f00000, 0x00000000a7f00000| Complete 

Card table byte_map: [0x0000024c3a460000,0x0000024c3a760000] _byte_map_base: 0x0000024c39f60000

Marking Bits (Prev, Next): (CMBitMap*) 0x0000024c2588a068, (CMBitMap*) 0x0000024c2588a0a0
 Prev Bits: [0x0000024c3aa60000, 0x0000024c3c260000)
 Next Bits: [0x0000024c3c260000, 0x0000024c3da60000)

Polling page: 0x0000024c25930000

Metaspace:

Usage:
  Non-class:     74.96 MB capacity,    73.50 MB ( 98%) used,     1.22 MB (  2%) free+waste,   240.38 KB ( <1%) overhead. 
      Class:     12.10 MB capacity,    11.21 MB ( 93%) used,   798.38 KB (  6%) free+waste,   112.56 KB ( <1%) overhead. 
       Both:     87.06 MB capacity,    84.71 MB ( 97%) used,     2.00 MB (  2%) free+waste,   352.94 KB ( <1%) overhead. 

Virtual space:
  Non-class space:       76.00 MB reserved,      75.20 MB ( 99%) committed 
      Class space:        1.00 GB reserved,      12.13 MB (  1%) committed 
             Both:        1.07 GB reserved,      87.33 MB (  8%) committed 

Chunk freelists:
   Non-Class:  3.00 KB
       Class:  0 bytes
        Both:  3.00 KB

MaxMetaspaceSize: 17179869184.00 GB
CompressedClassSpaceSize: 1.00 GB

CodeHeap 'non-profiled nmethods': size=120064Kb used=6372Kb max_used=6372Kb free=113692Kb
 bounds [0x0000024c325e0000, 0x0000024c32c20000, 0x0000024c39b20000]
CodeHeap 'profiled nmethods': size=120000Kb used=21204Kb max_used=21204Kb free=98795Kb
 bounds [0x0000024c2b0b0000, 0x0000024c2c570000, 0x0000024c325e0000]
CodeHeap 'non-nmethods': size=5696Kb used=2286Kb max_used=2359Kb free=3409Kb
 bounds [0x0000024c2ab20000, 0x0000024c2ad90000, 0x0000024c2b0b0000]
 total_blobs=10605 nmethods=9719 adapters=796
 compilation: enabled
              stopped_count=0, restarted_count=0
 full_count=0

Compilation events (20 events):
Event: 150.330 Thread 0x0000024c400b5000 9769       3       org.gradle.internal.snapshot.impl.StringValueSnapshot::hashCode (5 bytes)
Event: 150.331 Thread 0x0000024c400b5000 nmethod 9769 0x0000024c2c562190 code [0x0000024c2c562360, 0x0000024c2c562588]
Event: 150.332 Thread 0x0000024c400b5000 9770       3       com.esotericsoftware.kryo.io.Input::readInt_slow (201 bytes)
Event: 150.333 Thread 0x0000024c400b5000 nmethod 9770 0x0000024c2c562690 code [0x0000024c2c5628a0, 0x0000024c2c562db8]
Event: 150.335 Thread 0x0000024c4ab19800 nmethod 9767 0x0000024c32c17e90 code [0x0000024c32c18040, 0x0000024c32c182d8]
Event: 150.335 Thread 0x0000024c4ab19800 9766       4       org.gradle.api.internal.artifacts.ivyservice.dependencysubstitution.DefaultDependencySubstitution_Decorated::getRequested (39 bytes)
Event: 150.337 Thread 0x0000024c4ab19800 nmethod 9766 0x0000024c32c18490 code [0x0000024c32c18620, 0x0000024c32c18698]
Event: 150.338 Thread 0x0000024c4ab19800 9771       4       com.google.common.base.Objects::equal (23 bytes)
Event: 150.339 Thread 0x0000024c400b5000 9772       3       java.util.BitSet::wordIndex (5 bytes)
Event: 150.339 Thread 0x0000024c400b5000 nmethod 9772 0x0000024c2c563010 code [0x0000024c2c5631c0, 0x0000024c2c563298]
Event: 150.339 Thread 0x0000024c400b5000 9773       1       org.gradle.api.attributes.Usage$Impl::getName (5 bytes)
Event: 150.339 Thread 0x0000024c4ab19800 nmethod 9771 0x0000024c32c18710 code [0x0000024c32c188a0, 0x0000024c32c18918]
Event: 150.339 Thread 0x0000024c400b5000 nmethod 9773 0x0000024c32c18a10 code [0x0000024c32c18bc0, 0x0000024c32c18c78]
Event: 150.339 Thread 0x0000024c400b5000 9774       1       org.gradle.internal.component.model.DefaultCompatibilityCheckResult::getConsumerValue (5 bytes)
Event: 150.339 Thread 0x0000024c400b5000 nmethod 9774 0x0000024c32c18d10 code [0x0000024c32c18ec0, 0x0000024c32c18f78]
Event: 150.341 Thread 0x0000024c400b5000 9775       3       org.gradle.internal.component.model.MultipleCandidateMatcher::getValueIndex (16 bytes)
Event: 150.342 Thread 0x0000024c400b5000 nmethod 9775 0x0000024c2c563310 code [0x0000024c2c5634c0, 0x0000024c2c5636a8]
Event: 150.342 Thread 0x0000024c400b5000 9776       3       java.util.BitSet::checkInvariants (111 bytes)
Event: 150.342 Thread 0x0000024c400b5000 nmethod 9776 0x0000024c2c563790 code [0x0000024c2c563940, 0x0000024c2c563a78]
Event: 150.344 Thread 0x0000024c400b5000 9777       3       org.gradle.api.internal.artifacts.ivyservice.resolveengine.graph.builder.DependencyGraphBuilder::performSelectionSerially (121 bytes)

GC Heap History (20 events):
Event: 63.129 GC heap before
{Heap before GC invocations=21 (full 0):
 garbage-first heap   total 131072K, used 105945K [0x00000000a0000000, 0x0000000100000000)
  region size 1024K, 39 young (39936K), 3 survivors (3072K)
 Metaspace       used 68378K, capacity 70280K, committed 70608K, reserved 1110016K
  class space    used 8688K, capacity 9388K, committed 9472K, reserved 1048576K
}
Event: 63.143 GC heap after
{Heap after GC invocations=22 (full 0):
 garbage-first heap   total 131072K, used 71393K [0x00000000a0000000, 0x0000000100000000)
  region size 1024K, 5 young (5120K), 5 survivors (5120K)
 Metaspace       used 68378K, capacity 70280K, committed 70608K, reserved 1110016K
  class space    used 8688K, capacity 9388K, committed 9472K, reserved 1048576K
}
Event: 65.812 GC heap before
{Heap before GC invocations=22 (full 0):
 garbage-first heap   total 131072K, used 107233K [0x00000000a0000000, 0x0000000100000000)
  region size 1024K, 40 young (40960K), 5 survivors (5120K)
 Metaspace       used 71615K, capacity 73586K, committed 73680K, reserved 1114112K
  class space    used 9223K, capacity 9912K, committed 9984K, reserved 1048576K
}
Event: 65.828 GC heap after
{Heap after GC invocations=23 (full 0):
 garbage-first heap   total 131072K, used 73592K [0x00000000a0000000, 0x0000000100000000)
  region size 1024K, 5 young (5120K), 5 survivors (5120K)
 Metaspace       used 71615K, capacity 73586K, committed 73680K, reserved 1114112K
  class space    used 9223K, capacity 9912K, committed 9984K, reserved 1048576K
}
Event: 67.913 GC heap before
{Heap before GC invocations=24 (full 0):
 garbage-first heap   total 131072K, used 108408K [0x00000000a0000000, 0x0000000100000000)
  region size 1024K, 39 young (39936K), 5 survivors (5120K)
 Metaspace       used 74403K, capacity 76350K, committed 76368K, reserved 1116160K
  class space    used 9644K, capacity 10359K, committed 10368K, reserved 1048576K
}
Event: 67.929 GC heap after
{Heap after GC invocations=25 (full 0):
 garbage-first heap   total 131072K, used 76243K [0x00000000a0000000, 0x0000000100000000)
  region size 1024K, 5 young (5120K), 5 survivors (5120K)
 Metaspace       used 74403K, capacity 76350K, committed 76368K, reserved 1116160K
  class space    used 9644K, capacity 10359K, committed 10368K, reserved 1048576K
}
Event: 70.321 GC heap before
{Heap before GC invocations=25 (full 0):
 garbage-first heap   total 131072K, used 110035K [0x00000000a0000000, 0x0000000100000000)
  region size 1024K, 38 young (38912K), 5 survivors (5120K)
 Metaspace       used 75436K, capacity 77433K, committed 77648K, reserved 1116160K
  class space    used 9833K, capacity 10593K, committed 10624K, reserved 1048576K
}
Event: 70.347 GC heap after
{Heap after GC invocations=26 (full 0):
 garbage-first heap   total 131072K, used 79180K [0x00000000a0000000, 0x0000000100000000)
  region size 1024K, 5 young (5120K), 5 survivors (5120K)
 Metaspace       used 75436K, capacity 77433K, committed 77648K, reserved 1116160K
  class space    used 9833K, capacity 10593K, committed 10624K, reserved 1048576K
}
Event: 71.900 GC heap before
{Heap before GC invocations=27 (full 0):
 garbage-first heap   total 131072K, used 109900K [0x00000000a0000000, 0x0000000100000000)
  region size 1024K, 35 young (35840K), 5 survivors (5120K)
 Metaspace       used 77330K, capacity 79423K, committed 79440K, reserved 1118208K
  class space    used 10103K, capacity 10880K, committed 10880K, reserved 1048576K
}
Event: 71.919 GC heap after
{Heap after GC invocations=28 (full 0):
 garbage-first heap   total 131072K, used 82100K [0x00000000a0000000, 0x0000000100000000)
  region size 1024K, 3 young (3072K), 3 survivors (3072K)
 Metaspace       used 77330K, capacity 79423K, committed 79440K, reserved 1118208K
  class space    used 10103K, capacity 10880K, committed 10880K, reserved 1048576K
}
Event: 73.119 GC heap before
{Heap before GC invocations=28 (full 0):
 garbage-first heap   total 131072K, used 109748K [0x00000000a0000000, 0x0000000100000000)
  region size 1024K, 30 young (30720K), 3 survivors (3072K)
 Metaspace       used 79417K, capacity 81586K, committed 81872K, reserved 1120256K
  class space    used 10388K, capacity 11191K, committed 11264K, reserved 1048576K
}
Event: 73.134 GC heap after
{Heap after GC invocations=29 (full 0):
 garbage-first heap   total 131072K, used 84187K [0x00000000a0000000, 0x0000000100000000)
  region size 1024K, 2 young (2048K), 2 survivors (2048K)
 Metaspace       used 79417K, capacity 81586K, committed 81872K, reserved 1120256K
  class space    used 10388K, capacity 11191K, committed 11264K, reserved 1048576K
}
Event: 74.585 GC heap before
{Heap before GC invocations=30 (full 0):
 garbage-first heap   total 131072K, used 110811K [0x00000000a0000000, 0x0000000100000000)
  region size 1024K, 28 young (28672K), 2 survivors (2048K)
 Metaspace       used 82615K, capacity 84820K, committed 84944K, reserved 1122304K
  class space    used 10822K, capacity 11661K, committed 11776K, reserved 1048576K
}
Event: 74.598 GC heap after
{Heap after GC invocations=31 (full 0):
 garbage-first heap   total 131072K, used 85211K [0x00000000a0000000, 0x0000000100000000)
  region size 1024K, 3 young (3072K), 3 survivors (3072K)
 Metaspace       used 82615K, capacity 84820K, committed 84944K, reserved 1122304K
  class space    used 10822K, capacity 11661K, committed 11776K, reserved 1048576K
}
Event: 76.265 GC heap before
{Heap before GC invocations=31 (full 0):
 garbage-first heap   total 131072K, used 109787K [0x00000000a0000000, 0x0000000100000000)
  region size 1024K, 28 young (28672K), 3 survivors (3072K)
 Metaspace       used 84150K, capacity 86460K, committed 86608K, reserved 1124352K
  class space    used 11020K, capacity 11878K, committed 11904K, reserved 1048576K
}
Event: 76.280 GC heap after
{Heap after GC invocations=32 (full 0):
 garbage-first heap   total 131072K, used 87770K [0x00000000a0000000, 0x0000000100000000)
  region size 1024K, 4 young (4096K), 4 survivors (4096K)
 Metaspace       used 84150K, capacity 86460K, committed 86608K, reserved 1124352K
  class space    used 11020K, capacity 11878K, committed 11904K, reserved 1048576K
}
Event: 78.565 GC heap before
{Heap before GC invocations=33 (full 0):
 garbage-first heap   total 131072K, used 110298K [0x00000000a0000000, 0x0000000100000000)
  region size 1024K, 27 young (27648K), 4 survivors (4096K)
 Metaspace       used 85488K, capacity 87842K, committed 87888K, reserved 1124352K
  class space    used 11272K, capacity 12145K, committed 12160K, reserved 1048576K
}
Event: 78.581 GC heap after
{Heap after GC invocations=34 (full 0):
 garbage-first heap   total 131072K, used 89578K [0x00000000a0000000, 0x0000000100000000)
  region size 1024K, 2 young (2048K), 2 survivors (2048K)
 Metaspace       used 85488K, capacity 87842K, committed 87888K, reserved 1124352K
  class space    used 11272K, capacity 12145K, committed 12160K, reserved 1048576K
}
Event: 150.221 GC heap before
{Heap before GC invocations=34 (full 0):
 garbage-first heap   total 131072K, used 111082K [0x00000000a0000000, 0x0000000100000000)
  region size 1024K, 24 young (24576K), 2 survivors (2048K)
 Metaspace       used 86695K, capacity 89125K, committed 89168K, reserved 1126400K
  class space    used 11470K, capacity 12382K, committed 12416K, reserved 1048576K
}
Event: 150.231 GC heap after
{Heap after GC invocations=35 (full 0):
 garbage-first heap   total 131072K, used 90980K [0x00000000a0000000, 0x0000000100000000)
  region size 1024K, 2 young (2048K), 2 survivors (2048K)
 Metaspace       used 86695K, capacity 89125K, committed 89168K, reserved 1126400K
  class space    used 11470K, capacity 12382K, committed 12416K, reserved 1048576K
}

Deoptimization events (20 events):
Event: 150.030 Thread 0x0000024c4ab1c000 DEOPT PACKING pc=0x0000024c32bd4104 sp=0x000000aea52fce20
Event: 150.030 Thread 0x0000024c4ab1c000 DEOPT UNPACKING pc=0x0000024c2ab4662f sp=0x000000aea52fcdc8 mode 2
Event: 150.032 Thread 0x0000024c4ab1c000 Uncommon trap: trap_request=0xffffffc6 fr.pc=0x0000024c32bd4104 relative=0x00000000000004c4
Event: 150.032 Thread 0x0000024c4ab1c000 Uncommon trap: reason=bimorphic_or_optimized_type_check action=maybe_recompile pc=0x0000024c32bd4104 method=org.gradle.internal.snapshot.MediumChildMap.withNode(Lorg/gradle/internal/snapshot/VfsRelativePath;Lorg/gradle/internal/snapshot/CaseSensitivity;Lo
Event: 150.032 Thread 0x0000024c4ab1c000 DEOPT PACKING pc=0x0000024c32bd4104 sp=0x000000aea52fcbc0
Event: 150.032 Thread 0x0000024c4ab1c000 DEOPT UNPACKING pc=0x0000024c2ab4662f sp=0x000000aea52fcb68 mode 2
Event: 150.049 Thread 0x0000024c4ab1c000 DEOPT PACKING pc=0x0000024c32bedf30 sp=0x000000aea52fadb0
Event: 150.049 Thread 0x0000024c4ab1c000 DEOPT UNPACKING pc=0x0000024c2ab46dde sp=0x000000aea52fa200 mode 0
Event: 150.049 Thread 0x0000024c4ab1c000 DEOPT PACKING pc=0x0000024c32becb38 sp=0x000000aea52fae60
Event: 150.049 Thread 0x0000024c4ab1c000 DEOPT UNPACKING pc=0x0000024c2ab46dde sp=0x000000aea52fa050 mode 0
Event: 150.049 Thread 0x0000024c4ab1c000 DEOPT PACKING pc=0x0000024c32becb38 sp=0x000000aea52faf10
Event: 150.049 Thread 0x0000024c4ab1c000 DEOPT UNPACKING pc=0x0000024c2ab46dde sp=0x000000aea52fa100 mode 0
Event: 150.049 Thread 0x0000024c4ab1c000 DEOPT PACKING pc=0x0000024c32be5eb4 sp=0x000000aea52fafc0
Event: 150.049 Thread 0x0000024c4ab1c000 DEOPT UNPACKING pc=0x0000024c2ab46dde sp=0x000000aea52fa228 mode 0
Event: 150.064 Thread 0x0000024c4ab1e000 DEOPT PACKING pc=0x0000024c2c522246 sp=0x000000aea54fe0f0
Event: 150.064 Thread 0x0000024c4ab1e000 DEOPT UNPACKING pc=0x0000024c2ab46dde sp=0x000000aea54fd590 mode 0
Event: 150.093 Thread 0x0000024c4ab1c000 Uncommon trap: trap_request=0xffffffc6 fr.pc=0x0000024c32bd4104 relative=0x00000000000004c4
Event: 150.093 Thread 0x0000024c4ab1c000 Uncommon trap: reason=bimorphic_or_optimized_type_check action=maybe_recompile pc=0x0000024c32bd4104 method=org.gradle.internal.snapshot.MediumChildMap.withNode(Lorg/gradle/internal/snapshot/VfsRelativePath;Lorg/gradle/internal/snapshot/CaseSensitivity;Lo
Event: 150.093 Thread 0x0000024c4ab1c000 DEOPT PACKING pc=0x0000024c32bd4104 sp=0x000000aea52fc8b0
Event: 150.093 Thread 0x0000024c4ab1c000 DEOPT UNPACKING pc=0x0000024c2ab4662f sp=0x000000aea52fc858 mode 2

Classes redefined (0 events):
No events

Internal exceptions (20 events):
Event: 79.413 Thread 0x0000024c4ab1c000 Exception <a 'java/lang/ClassNotFoundException'{0x00000000a75faaa0}: org/gradle/process/internal/DefaultProcessForkOptionsCustomizer> (0x00000000a75faaa0) thrown at [./src/hotspot/share/classfile/systemDictionary.cpp, line 231]
Event: 79.418 Thread 0x0000024c4ab1c000 Exception <a 'java/lang/ClassNotFoundException'{0x00000000a743a600}: org/gradle/process/internal/AbstractExecHandleBuilderCustomizer> (0x00000000a743a600) thrown at [./src/hotspot/share/classfile/systemDictionary.cpp, line 231]
Event: 79.421 Thread 0x0000024c4ab1c000 Exception <a 'java/lang/ClassNotFoundException'{0x00000000a747e420}: org/gradle/process/internal/DefaultExecHandleBuilderCustomizer> (0x00000000a747e420) thrown at [./src/hotspot/share/classfile/systemDictionary.cpp, line 231]
Event: 79.424 Thread 0x0000024c4ab1c000 Exception <a 'java/lang/ClassNotFoundException'{0x00000000a74d9988}: org/gradle/process/internal/DefaultExecActionCustomizer> (0x00000000a74d9988) thrown at [./src/hotspot/share/classfile/systemDictionary.cpp, line 231]
Event: 79.428 Thread 0x0000024c4ab1c000 Exception <a 'java/lang/ClassNotFoundException'{0x00000000a7315bc8}: org/gradle/process/internal/DefaultExecAction_DecoratedCustomizer> (0x00000000a7315bc8) thrown at [./src/hotspot/share/classfile/systemDictionary.cpp, line 231]
Event: 79.435 Thread 0x0000024c4ab1c000 Exception <a 'java/lang/ClassNotFoundException'{0x00000000a736e210}: org/gradle/api/logging/LogLevelBeanInfo> (0x00000000a736e210) thrown at [./src/hotspot/share/classfile/systemDictionary.cpp, line 231]
Event: 79.441 Thread 0x0000024c4ab1c000 Exception <a 'java/lang/ClassNotFoundException'{0x00000000a73977f0}: org/gradle/api/logging/LogLevelCustomizer> (0x00000000a73977f0) thrown at [./src/hotspot/share/classfile/systemDictionary.cpp, line 231]
Event: 79.451 Thread 0x0000024c4ab1c000 Exception <a 'java/lang/ClassNotFoundException'{0x00000000a72072f8}: org/gradle/internal/logging/services/DefaultLoggingManagerBeanInfo> (0x00000000a72072f8) thrown at [./src/hotspot/share/classfile/systemDictionary.cpp, line 231]
Event: 79.453 Thread 0x0000024c4ab1c000 Exception <a 'java/lang/ClassNotFoundException'{0x00000000a723a528}: org/gradle/internal/logging/services/DefaultLoggingManagerCustomizer> (0x00000000a723a528) thrown at [./src/hotspot/share/classfile/systemDictionary.cpp, line 231]
Event: 79.459 Thread 0x0000024c4ab1c000 Exception <a 'java/lang/ClassNotFoundException'{0x00000000a7274320}: java/lang/BooleanBeanInfo> (0x00000000a7274320) thrown at [./src/hotspot/share/classfile/systemDictionary.cpp, line 231]
Event: 79.460 Thread 0x0000024c4ab1c000 Exception <a 'java/lang/ClassNotFoundException'{0x00000000a727e018}: java/lang/BooleanCustomizer> (0x00000000a727e018) thrown at [./src/hotspot/share/classfile/systemDictionary.cpp, line 231]
Event: 79.506 Thread 0x0000024c4ab1e800 Exception <a 'java/lang/NoSuchMethodError'{0x00000000a72e9928}: 'void java.lang.invoke.DirectMethodHandle$Holder.invokeStatic(java.lang.Object, long)'> (0x00000000a72e9928) thrown at [./src/hotspot/share/interpreter/linkResolver.cpp, line 773]
Event: 79.507 Thread 0x0000024c4ab1e800 Exception <a 'java/lang/NoSuchMethodError'{0x00000000a72ee898}: 'java.lang.Object java.lang.invoke.DirectMethodHandle$Holder.invokeStatic(java.lang.Object, long)'> (0x00000000a72ee898) thrown at [./src/hotspot/share/interpreter/linkResolver.cpp, line 773]
Event: 79.510 Thread 0x0000024c4ab1e800 Exception <a 'java/lang/NoSuchMethodError'{0x00000000a72fcb68}: 'java.lang.Object java.lang.invoke.DirectMethodHandle$Holder.invokeStaticInit(java.lang.Object, java.lang.Object, long, java.lang.Object)'> (0x00000000a72fcb68) thrown at [./src/hotspot/share/interpreter/linkResolver.cpp, line 773]
Event: 79.511 Thread 0x0000024c4ab1e800 Exception <a 'java/lang/NoSuchMethodError'{0x00000000a7102ee8}: 'java.lang.Object java.lang.invoke.DirectMethodHandle$Holder.invokeStatic(java.lang.Object, java.lang.Object, long)'> (0x00000000a7102ee8) thrown at [./src/hotspot/share/interpreter/linkResolver.cpp, line 773]
Event: 79.514 Thread 0x0000024c4ab1e800 Exception <a 'java/lang/NoSuchMethodError'{0x00000000a71091b8}: 'java.lang.Object java.lang.invoke.Invokers$Holder.linkToTargetMethod(java.lang.Object, long, java.lang.Object)'> (0x00000000a71091b8) thrown at [./src/hotspot/share/interpreter/linkResolver.cpp, line 773]
Event: 140.468 Thread 0x0000024c42e3f800 Implicit null exception at 0x0000024c326d6bf7 to 0x0000024c326d7124
Event: 140.469 Thread 0x0000024c42e3f800 Implicit null exception at 0x0000024c32941474 to 0x0000024c32941a8c
Event: 149.944 Thread 0x0000024c4ab1c000 Exception <a 'java/lang/NoSuchMethodError'{0x00000000a6fb98b0}: 'java.lang.Object java.lang.invoke.DirectMethodHandle$Holder.newInvokeSpecial(java.lang.Object, java.lang.Object, java.lang.Object, java.lang.Object)'> (0x00000000a6fb98b0) thrown at [./src/hotspot/share/interpreter/linkResolver.cpp, line 773]
Event: 149.992 Thread 0x0000024c4ab1c000 Exception <a 'java/lang/NoSuchMethodError'{0x00000000a6d79078}: 'int java.lang.invoke.DirectMethodHandle$Holder.invokeSpecial(java.lang.Object, java.lang.Object, java.lang.Object, java.lang.Object, java.lang.Object)'> (0x00000000a6d79078) thrown at [./src/hotspot/share/interpreter/linkResolver.cpp, line 773]

Events (20 events):
Event: 150.216 loading class org/gradle/api/attributes/CompatibilityCheckDetails
Event: 150.216 loading class org/gradle/api/attributes/CompatibilityCheckDetails done
Event: 150.217 loading class org/jetbrains/kotlin/gradle/plugin/mpp/KotlinUsages$KotlinMetadataCompatibility
Event: 150.217 loading class org/jetbrains/kotlin/gradle/plugin/mpp/KotlinUsages$KotlinMetadataCompatibility done
Event: 150.220 loading class org/gradle/api/internal/attributes/DefaultAttributesSchema$ExtraAttributesEntry
Event: 150.220 loading class org/gradle/api/internal/attributes/DefaultAttributesSchema$ExtraAttributesEntry done
Event: 150.220 Executing VM operation: G1CollectForAllocation
Event: 150.231 Executing VM operation: G1CollectForAllocation done
Event: 150.232 loading class org/gradle/internal/component/model/AttributeSelectionUtils
Event: 150.232 loading class org/gradle/internal/component/model/AttributeSelectionUtils done
Event: 150.233 loading class org/gradle/internal/component/model/DefaultMultipleCandidateResult
Event: 150.233 loading class org/gradle/internal/component/model/DefaultMultipleCandidateResult done
Event: 150.283 loading class org/gradle/internal/component/model/IvyArtifactName
Event: 150.283 loading class org/gradle/internal/component/model/IvyArtifactName done
Event: 150.283 loading class org/gradle/api/internal/artifacts/ivyservice/dependencysubstitution/DefaultDependencyArtifactSelector
Event: 150.283 loading class org/gradle/api/internal/artifacts/ivyservice/dependencysubstitution/DefaultDependencyArtifactSelector done
Event: 150.283 loading class org/gradle/internal/component/model/IvyArtifactName
Event: 150.283 loading class org/gradle/internal/component/model/IvyArtifactName done
Event: 150.300 Thread 0x0000024c4ab19800 Thread added: 0x0000024c4ab19800
Event: 150.345 Executing VM operation: RevokeBias


Dynamic libraries:
0x00007ff63a5e0000 - 0x00007ff63a5ea000 	C:\Program Files\Android\Android Studio\jre\bin\java.exe
0x00007ff84fd90000 - 0x00007ff84ff85000 	C:\WINDOWS\SYSTEM32\ntdll.dll
0x00007ff84f310000 - 0x00007ff84f3ce000 	C:\WINDOWS\System32\KERNEL32.DLL
0x00007ff84d9d0000 - 0x00007ff84dc98000 	C:\WINDOWS\System32\KERNELBASE.dll
0x00007ff84d4a0000 - 0x00007ff84d5a0000 	C:\WINDOWS\System32\ucrtbase.dll
0x00007ff836c60000 - 0x00007ff836c79000 	C:\Program Files\Android\Android Studio\jre\bin\jli.dll
0x00007ff84f9b0000 - 0x00007ff84fb50000 	C:\WINDOWS\System32\USER32.dll
0x00007ff84dca0000 - 0x00007ff84dcc2000 	C:\WINDOWS\System32\win32u.dll
0x00007ff84eca0000 - 0x00007ff84eccb000 	C:\WINDOWS\System32\GDI32.dll
0x00007ff84dcd0000 - 0x00007ff84dddd000 	C:\WINDOWS\System32\gdi32full.dll
0x00007ff84d6d0000 - 0x00007ff84d76d000 	C:\WINDOWS\System32\msvcp_win.dll
0x00007ff836500000 - 0x00007ff836517000 	C:\Program Files\Android\Android Studio\jre\bin\VCRUNTIME140.dll
0x00007ff8260e0000 - 0x00007ff82637a000 	C:\WINDOWS\WinSxS\amd64_microsoft.windows.common-controls_6595b64144ccf1df_6.0.19041.1110_none_60b5254171f9507e\COMCTL32.dll
0x00007ff84f430000 - 0x00007ff84f4ce000 	C:\WINDOWS\System32\msvcrt.dll
0x00007ff84efb0000 - 0x00007ff84efe0000 	C:\WINDOWS\System32\IMM32.DLL
0x00007fffef480000 - 0x00007fffef51d000 	C:\Program Files\Android\Android Studio\jre\bin\msvcp140.dll
0x00007fffc0f50000 - 0x00007fffc1a25000 	C:\Program Files\Android\Android Studio\jre\bin\server\jvm.dll
0x00007ff84ecd0000 - 0x00007ff84ed7e000 	C:\WINDOWS\System32\ADVAPI32.dll
0x00007ff84e140000 - 0x00007ff84e1dc000 	C:\WINDOWS\System32\sechost.dll
0x00007ff84f1e0000 - 0x00007ff84f305000 	C:\WINDOWS\System32\RPCRT4.dll
0x00007ff84fce0000 - 0x00007ff84fce8000 	C:\WINDOWS\System32\PSAPI.DLL
0x00007ff836c10000 - 0x00007ff836c19000 	C:\WINDOWS\SYSTEM32\WSOCK32.dll
0x00007ff84f010000 - 0x00007ff84f07b000 	C:\WINDOWS\System32\WS2_32.dll
0x00007ff83a280000 - 0x00007ff83a2a7000 	C:\WINDOWS\SYSTEM32\WINMM.dll
0x00007ff8466f0000 - 0x00007ff8466fa000 	C:\WINDOWS\SYSTEM32\VERSION.dll
0x00007ff84bce0000 - 0x00007ff84bcf2000 	C:\WINDOWS\SYSTEM32\kernel.appcore.dll
0x00007ff800000000 - 0x00007ff800011000 	C:\Program Files\Android\Android Studio\jre\bin\verify.dll
0x00007ff84b240000 - 0x00007ff84b424000 	C:\WINDOWS\SYSTEM32\DBGHELP.DLL
0x00007ff83aa90000 - 0x00007ff83aabc000 	C:\WINDOWS\SYSTEM32\dbgcore.DLL
0x00007ff84d5d0000 - 0x00007ff84d652000 	C:\WINDOWS\System32\bcryptPrimitives.dll
0x00007ffff1990000 - 0x00007ffff19b9000 	C:\Program Files\Android\Android Studio\jre\bin\java.dll
0x00007ff836ab0000 - 0x00007ff836abb000 	C:\Program Files\Android\Android Studio\jre\bin\jimage.dll
0x00007fffee850000 - 0x00007fffee868000 	C:\Program Files\Android\Android Studio\jre\bin\zip.dll
0x00007ff84e1e0000 - 0x00007ff84e924000 	C:\WINDOWS\System32\SHELL32.dll
0x00007ff84b430000 - 0x00007ff84bbc4000 	C:\WINDOWS\SYSTEM32\windows.storage.dll
0x00007ff84dde0000 - 0x00007ff84e135000 	C:\WINDOWS\System32\combase.dll
0x00007ff84ce10000 - 0x00007ff84ce3e000 	C:\WINDOWS\SYSTEM32\Wldp.dll
0x00007ff84e930000 - 0x00007ff84e9dd000 	C:\WINDOWS\System32\SHCORE.dll
0x00007ff84f3d0000 - 0x00007ff84f425000 	C:\WINDOWS\System32\shlwapi.dll
0x00007ff84d3e0000 - 0x00007ff84d3ff000 	C:\WINDOWS\SYSTEM32\profapi.dll
0x00007fffee830000 - 0x00007fffee84a000 	C:\Program Files\Android\Android Studio\jre\bin\net.dll
0x00007ff8403e0000 - 0x00007ff8404ec000 	C:\WINDOWS\SYSTEM32\WINHTTP.dll
0x00007ff84cbf0000 - 0x00007ff84cc5a000 	C:\WINDOWS\system32\mswsock.dll
0x00007fffed800000 - 0x00007fffed814000 	C:\Program Files\Android\Android Studio\jre\bin\nio.dll
0x00007fffed7d0000 - 0x00007fffed7f7000 	C:\Users\danek\.gradle\native\e1d6ef7f7dcc3fd88c89a11ec53ec762bb8ba0a96d01ffa2cd45eb1d1d8dd5c5\windows-amd64\native-platform.dll
0x00007fffed680000 - 0x00007fffed7c4000 	C:\Users\danek\.gradle\native\0d407fdbe67a94daf76414ababcb853783967236a71b16ec16e742cd7a986fd3\windows-amd64\native-platform-file-events.dll
0x00007ff835b60000 - 0x00007ff835b6a000 	C:\Program Files\Android\Android Studio\jre\bin\management.dll
0x00007ff8289f0000 - 0x00007ff8289fd000 	C:\Program Files\Android\Android Studio\jre\bin\management_ext.dll
0x00007ff84ce50000 - 0x00007ff84ce68000 	C:\WINDOWS\SYSTEM32\CRYPTSP.dll
0x00007ff84c520000 - 0x00007ff84c554000 	C:\WINDOWS\system32\rsaenh.dll
0x00007ff84d5a0000 - 0x00007ff84d5c7000 	C:\WINDOWS\System32\bcrypt.dll
0x00007ff84d3a0000 - 0x00007ff84d3ce000 	C:\WINDOWS\SYSTEM32\USERENV.dll
0x00007ff84cd80000 - 0x00007ff84cd8c000 	C:\WINDOWS\SYSTEM32\CRYPTBASE.dll
0x00007ff84c8b0000 - 0x00007ff84c8eb000 	C:\WINDOWS\SYSTEM32\IPHLPAPI.DLL
0x00007ff84efe0000 - 0x00007ff84efe8000 	C:\WINDOWS\System32\NSI.dll
0x00007ff846830000 - 0x00007ff846847000 	C:\WINDOWS\SYSTEM32\dhcpcsvc6.DLL
0x00007ff846300000 - 0x00007ff84631d000 	C:\WINDOWS\SYSTEM32\dhcpcsvc.DLL
0x00007ff84c8f0000 - 0x00007ff84c9bb000 	C:\WINDOWS\SYSTEM32\DNSAPI.dll

dbghelp: loaded successfully - version: 4.0.5 - missing functions: none
symbol engine: initialized successfully - sym options: 0x614 - pdb path: .;C:\Program Files\Android\Android Studio\jre\bin;C:\WINDOWS\SYSTEM32;C:\WINDOWS\WinSxS\amd64_microsoft.windows.common-controls_6595b64144ccf1df_6.0.19041.1110_none_60b5254171f9507e;C:\Program Files\Android\Android Studio\jre\bin\server;C:\Users\danek\.gradle\native\e1d6ef7f7dcc3fd88c89a11ec53ec762bb8ba0a96d01ffa2cd45eb1d1d8dd5c5\windows-amd64;C:\Users\danek\.gradle\native\0d407fdbe67a94daf76414ababcb853783967236a71b16ec16e742cd7a986fd3\windows-amd64

VM Arguments:
jvm_args: --add-opens=java.base/java.util=ALL-UNNAMED --add-opens=java.base/java.lang=ALL-UNNAMED --add-opens=java.base/java.lang.invoke=ALL-UNNAMED --add-opens=java.base/java.util=ALL-UNNAMED --add-opens=java.prefs/java.util.prefs=ALL-UNNAMED --add-opens=java.prefs/java.util.prefs=ALL-UNNAMED --add-opens=java.base/java.nio.charset=ALL-UNNAMED --add-opens=java.base/java.net=ALL-UNNAMED --add-opens=java.base/java.util.concurrent.atomic=ALL-UNNAMED -Xmx1536M -Dfile.encoding=windows-1251 -Duser.country=RU -Duser.language=ru -Duser.variant 
java_command: org.gradle.launcher.daemon.bootstrap.GradleDaemon 7.4
java_class_path (initial): C:\Users\danek\.gradle\wrapper\dists\gradle-7.4-all\aadb4xli5jkdsnukm30eibyiu\gradle-7.4\lib\gradle-launcher-7.4.jar
Launcher Type: SUN_STANDARD

[Global flags]
     intx CICompilerCount                          = 3                                         {product} {ergonomic}
     uint ConcGCThreads                            = 1                                         {product} {ergonomic}
     uint G1ConcRefinementThreads                  = 4                                         {product} {ergonomic}
   size_t G1HeapRegionSize                         = 1048576                                   {product} {ergonomic}
    uintx GCDrainStackTargetSize                   = 64                                        {product} {ergonomic}
   size_t InitialHeapSize                          = 134217728                                 {product} {ergonomic}
   size_t MarkStackSize                            = 4194304                                   {product} {ergonomic}
   size_t MaxHeapSize                              = 1610612736                                {product} {command line}
   size_t MaxNewSize                               = 965738496                                 {product} {ergonomic}
   size_t MinHeapDeltaBytes                        = 1048576                                   {product} {ergonomic}
    uintx NonNMethodCodeHeapSize                   = 5830732                                {pd product} {ergonomic}
    uintx NonProfiledCodeHeapSize                  = 122913754                              {pd product} {ergonomic}
    uintx ProfiledCodeHeapSize                     = 122913754                              {pd product} {ergonomic}
    uintx ReservedCodeCacheSize                    = 251658240                              {pd product} {ergonomic}
     bool SegmentedCodeCache                       = true                                      {product} {ergonomic}
     bool UseCompressedClassPointers               = true                                 {lp64_product} {ergonomic}
     bool UseCompressedOops                        = true                                 {lp64_product} {ergonomic}
     bool UseG1GC                                  = true                                      {product} {ergonomic}
     bool UseLargePagesIndividualAllocation        = false                                  {pd product} {ergonomic}

Logging:
Log output configuration:
 #0: stdout all=warning uptime,level,tags
 #1: stderr all=off uptime,level,tags

Environment Variables:
JAVA_HOME=C:\Program Files\Android\Android Studio\jre
CLASSPATH=C:\Users\danek\Documents\GitHub\school_todo\android\\gradle\wrapper\gradle-wrapper.jar
PATH=C:\Program Files\Common Files\Oracle\Java\javapath;C:\ProgramData\Oracle\Java\javapath;c:\windows\system32;c:\windows;c:\windows\system32\wbem;c:\windows\system32\windowspowershell\v1.0\;c:\windows\system32\openssh\;c:\windows\system32;c:\windows;c:\windows\system32\wbem;c:\windows\system32\windowspowershell\v1.0\;c:\windows\system32\openssh\;C:\Program Files (x86)\NVIDIA Corporation\PhysX\Common;C:\Program Files\Git\cmd;C:\Program Files\dotnet\;C:\Program Files\Microsoft SQL Server\130\Tools\Binn\;C:\Program Files\Microsoft SQL Server\Client SDK\ODBC\170\Tools\Binn\;C:\Program Files (x86)\Microsoft SQL Server\150\Tools\Binn\;C:\Program Files\Microsoft SQL Server\150\Tools\Binn\;C:\Program Files\Microsoft SQL Server\150\DTS\Binn\;C:\Program Files (x86)\Microsoft SQL Server\150\DTS\Binn\;C:\Program Files\swipl\bin;C:\Program Files\nodejs\;C:\Program Files\Docker\Docker\resources\bin;C:\ProgramData\DockerDesktop\version-bin;C:\Users\danek\AppData\Local\Programs\Python\Python310\Scripts\;C:\Users\danek\AppData\Local\Programs\Python\Python310\;C:\Program Files\MySQL\MySQL Shell 8.0\bin\;C:\Users\danek\AppData\Local\Programs\Python\Python37-32\Scripts\;C:\Users\danek\AppData\Local\Programs\Python\Python37-32\;C:\Users\danek\AppData\Local\Microsoft\WindowsApps;C:\Users\danek\AppData\Local\GitHubDesktop\bin;C:\Users\danek\AppData\Local\Programs\Microsoft VS Code\bin;C:\Users\danek\.dotnet\tools;C:\Program Files\Azure Data Studio\bin;C:\Users\danek\Documents\flutter\bin;C:\Program Files\swipl\bin;C:\Users\danek\AppData\Roaming\npm;;C:\Users\danek\Documents\flutter\bin\mingit\cmd
USERNAME=danek
OS=Windows_NT
PROCESSOR_IDENTIFIER=Intel64 Family 6 Model 142 Stepping 9, GenuineIntel



---------------  S Y S T E M  ---------------

OS: Windows 10 , 64 bit Build 19041 (10.0.19041.1503)
OS uptime: 2 days 23:43 hours
Hyper-V role detected

CPU:total 4 (initial active 4) (2 cores per cpu, 2 threads per core) family 6 model 142 stepping 9 microcode 0xb4, cmov, cx8, fxsr, mmx, sse, sse2, sse3, ssse3, sse4.1, sse4.2, popcnt, avx, avx2, aes, clmul, erms, 3dnowpref, lzcnt, ht, tsc, tscinvbit, bmi1, bmi2, adx, fma

Memory: 4k page, system-wide physical 8071M (1599M free)
TotalPageFile size 21784M (AvailPageFile size 10595M)
current process WorkingSet (physical memory assigned to process): 360M, peak: 377M
current process commit charge ("private bytes"): 392M, peak: 409M

vm_info: OpenJDK 64-Bit Server VM (11.0.11+9-b60-7590822) for windows-amd64 JRE (11.0.11+9-b60-7590822), built on Jul 29 2021 21:43:44 by "builder" with MS VC++ 14.0 (VS2015)

END.
